<?xml version="1.0" encoding="UTF-8"?>
<!-- Generated by org.testng.reporters.JUnitXMLReporter -->
<testsuite ignored="6" hostname="HEERA" failures="0" tests="4" name="Test1" time="177.128" errors="0" timestamp="2022-05-20T13:15:00 IST">
  <testcase classname="com.vtiger.campaignTest.CreateCampaignWithProductTest" name="createCampaignWithProductTest" time="35.422"/>
  <testcase classname="com.vtiger.campaignTest.CreateCampaignTest" name="createCampaignTest" time="16.988"/>
  <testcase classname="com.vtiger.organizationTest.CreateOrganizationWithIndustryAndTypeTest" name="createOrganizationWithIndustryAndTypeTest" time="26.824"/>
  <testcase classname="com.vtiger.contactTest.CreateContactTest" name="createContactTest" time="14.23"/>
  <testcase classname="com.sdet34l1.genericLibrary.BaseClass" name="@BeforeSuite beforeSuite" time="0.0">
    <ignored/>
  </testcase> <!-- @BeforeSuite beforeSuite -->
  <testcase classname="com.sdet34l1.genericLibrary.BaseClass" name="@BeforeSuite beforeSuite" time="0.0">
    <ignored/>
  </testcase> <!-- @BeforeSuite beforeSuite -->
  <testcase classname="com.sdet34l1.genericLibrary.BaseClass" name="@BeforeSuite beforeSuite" time="0.0">
    <ignored/>
  </testcase> <!-- @BeforeSuite beforeSuite -->
  <testcase classname="com.sdet34l1.genericLibrary.BaseClass" name="@AfterSuite afterSuite" time="0.0">
    <ignored/>
  </testcase> <!-- @AfterSuite afterSuite -->
  <testcase classname="com.sdet34l1.genericLibrary.BaseClass" name="@AfterSuite afterSuite" time="0.0">
    <ignored/>
  </testcase> <!-- @AfterSuite afterSuite -->
  <testcase classname="com.sdet34l1.genericLibrary.BaseClass" name="@AfterSuite afterSuite" time="0.0">
    <ignored/>
  </testcase> <!-- @AfterSuite afterSuite -->
</testsuite> <!-- Test1 -->
